{"C:\\Users\\ugur\\Desktop\\crapShop\\CrapShop-\\src\\api\\cartApi.js": {"path":"C:\\Users\\ugur\\Desktop\\crapShop\\CrapShop-\\src\\api\\cartApi.js","statementMap":{"0":{"start":{"line":3,"column":16},"end":{"line":3,"column":48}},"1":{"start":{"line":6,"column":2},"end":{"line":6,"column":39}},"2":{"start":{"line":10,"column":2},"end":{"line":14,"column":5}},"3":{"start":{"line":19,"column":2},"end":{"line":30,"column":4}},"4":{"start":{"line":34,"column":2},"end":{"line":44,"column":4}},"5":{"start":{"line":48,"column":2},"end":{"line":55,"column":4}}},"fnMap":{"0":{"name":"getToken","decl":{"start":{"line":5,"column":9},"end":{"line":5,"column":17}},"loc":{"start":{"line":5,"column":20},"end":{"line":7,"column":1}},"line":5},"1":{"name":"getCart","decl":{"start":{"line":9,"column":16},"end":{"line":9,"column":23}},"loc":{"start":{"line":9,"column":26},"end":{"line":15,"column":1}},"line":9},"2":{"name":"addToCart","decl":{"start":{"line":18,"column":16},"end":{"line":18,"column":25}},"loc":{"start":{"line":18,"column":51},"end":{"line":31,"column":1}},"line":18},"3":{"name":"updateCart","decl":{"start":{"line":33,"column":16},"end":{"line":33,"column":26}},"loc":{"start":{"line":33,"column":48},"end":{"line":45,"column":1}},"line":33},"4":{"name":"deleteCartItem","decl":{"start":{"line":47,"column":16},"end":{"line":47,"column":30}},"loc":{"start":{"line":47,"column":42},"end":{"line":56,"column":1}},"line":47}},"branchMap":{"0":{"loc":{"start":{"line":18,"column":37},"end":{"line":18,"column":49}},"type":"default-arg","locations":[{"start":{"line":18,"column":48},"end":{"line":18,"column":49}}],"line":18}},"s":{"0":1,"1":0,"2":0,"3":0,"4":0,"5":0},"f":{"0":0,"1":0,"2":0,"3":0,"4":0},"b":{"0":[0]},"_coverageSchema":"1a1c01bbd47fc00a2c39e90264f33305004495a9","hash":"f3ecbc63513929af4c286669d37cfb7c1502042d"}
,"C:\\Users\\ugur\\Desktop\\crapShop\\CrapShop-\\src\\api\\productsApi.js": {"path":"C:\\Users\\ugur\\Desktop\\crapShop\\CrapShop-\\src\\api\\productsApi.js","statementMap":{"0":{"start":{"line":4,"column":19},"end":{"line":6,"column":4}},"1":{"start":{"line":8,"column":2},"end":{"line":8,"column":23}},"2":{"start":{"line":12,"column":19},"end":{"line":14,"column":4}},"3":{"start":{"line":16,"column":2},"end":{"line":16,"column":23}},"4":{"start":{"line":20,"column":19},"end":{"line":22,"column":4}},"5":{"start":{"line":24,"column":2},"end":{"line":24,"column":23}}},"fnMap":{"0":{"name":"getProducts","decl":{"start":{"line":3,"column":22},"end":{"line":3,"column":33}},"loc":{"start":{"line":3,"column":42},"end":{"line":9,"column":1}},"line":3},"1":{"name":"getCategories","decl":{"start":{"line":11,"column":22},"end":{"line":11,"column":35}},"loc":{"start":{"line":11,"column":44},"end":{"line":17,"column":1}},"line":11},"2":{"name":"getProduct","decl":{"start":{"line":19,"column":22},"end":{"line":19,"column":32}},"loc":{"start":{"line":19,"column":45},"end":{"line":25,"column":1}},"line":19}},"branchMap":{},"s":{"0":2,"1":1,"2":2,"3":1,"4":2,"5":1},"f":{"0":2,"1":2,"2":2},"b":{},"_coverageSchema":"1a1c01bbd47fc00a2c39e90264f33305004495a9","hash":"5b234a3eedf0f857a9c08a6b39e546a5080f600f"}
,"C:\\Users\\ugur\\Desktop\\crapShop\\CrapShop-\\src\\components\\favorietenItem\\FavorietenItem.jsx": {"path":"C:\\Users\\ugur\\Desktop\\crapShop\\CrapShop-\\src\\components\\favorietenItem\\FavorietenItem.jsx","statementMap":{"0":{"start":{"line":6,"column":29},"end":{"line":6,"column":56}},"1":{"start":{"line":8,"column":2},"end":{"line":33,"column":4}},"2":{"start":{"line":16,"column":14},"end":{"line":16,"column":58}},"3":{"start":{"line":28,"column":35},"end":{"line":28,"column":58}}},"fnMap":{"0":{"name":"FavorietenItem","decl":{"start":{"line":5,"column":9},"end":{"line":5,"column":23}},"loc":{"start":{"line":5,"column":34},"end":{"line":34,"column":1}},"line":5},"1":{"name":"(anonymous_1)","decl":{"start":{"line":15,"column":21},"end":{"line":15,"column":22}},"loc":{"start":{"line":15,"column":28},"end":{"line":17,"column":13}},"line":15},"2":{"name":"(anonymous_2)","decl":{"start":{"line":28,"column":29},"end":{"line":28,"column":30}},"loc":{"start":{"line":28,"column":35},"end":{"line":28,"column":58}},"line":28}},"branchMap":{"0":{"loc":{"start":{"line":23,"column":44},"end":{"line":23,"column":62}},"type":"binary-expr","locations":[{"start":{"line":23,"column":44},"end":{"line":23,"column":57}},{"start":{"line":23,"column":61},"end":{"line":23,"column":62}}],"line":23},"1":{"loc":{"start":{"line":24,"column":28},"end":{"line":24,"column":46}},"type":"binary-expr","locations":[{"start":{"line":24,"column":28},"end":{"line":24,"column":41}},{"start":{"line":24,"column":45},"end":{"line":24,"column":46}}],"line":24}},"s":{"0":5,"1":5,"2":0,"3":1},"f":{"0":5,"1":0,"2":1},"b":{"0":[5,1],"1":[5,1]},"_coverageSchema":"1a1c01bbd47fc00a2c39e90264f33305004495a9","hash":"62cf3d2d80582c931bcbf025897f1b8db4073236"}
,"C:\\Users\\ugur\\Desktop\\crapShop\\CrapShop-\\src\\components\\searchFilter\\SearchBar.jsx": {"path":"C:\\Users\\ugur\\Desktop\\crapShop\\CrapShop-\\src\\components\\searchFilter\\SearchBar.jsx","statementMap":{"0":{"start":{"line":10,"column":18},"end":{"line":47,"column":1}},"1":{"start":{"line":18,"column":2},"end":{"line":46,"column":4}},"2":{"start":{"line":24,"column":10},"end":{"line":24,"column":39}},"3":{"start":{"line":34,"column":12},"end":{"line":34,"column":44}},"4":{"start":{"line":39,"column":12},"end":{"line":41,"column":21}}},"fnMap":{"0":{"name":"(anonymous_0)","decl":{"start":{"line":10,"column":18},"end":{"line":10,"column":19}},"loc":{"start":{"line":17,"column":6},"end":{"line":47,"column":1}},"line":17},"1":{"name":"(anonymous_1)","decl":{"start":{"line":23,"column":18},"end":{"line":23,"column":19}},"loc":{"start":{"line":24,"column":10},"end":{"line":24,"column":39}},"line":24},"2":{"name":"(anonymous_2)","decl":{"start":{"line":33,"column":20},"end":{"line":33,"column":21}},"loc":{"start":{"line":34,"column":12},"end":{"line":34,"column":44}},"line":34},"3":{"name":"(anonymous_3)","decl":{"start":{"line":38,"column":26},"end":{"line":38,"column":27}},"loc":{"start":{"line":39,"column":12},"end":{"line":41,"column":21}},"line":39}},"branchMap":{"0":{"loc":{"start":{"line":30,"column":7},"end":{"line":44,"column":7}},"type":"binary-expr","locations":[{"start":{"line":30,"column":7},"end":{"line":30,"column":21}},{"start":{"line":31,"column":8},"end":{"line":43,"column":17}}],"line":30}},"s":{"0":1,"1":7,"2":1,"3":1,"4":9},"f":{"0":7,"1":1,"2":1,"3":9},"b":{"0":[7,3]},"_coverageSchema":"1a1c01bbd47fc00a2c39e90264f33305004495a9","hash":"97cdb481730a42ed52eb2b8d195fb09c3d8384a9"}
,"C:\\Users\\ugur\\Desktop\\crapShop\\CrapShop-\\src\\components\\shoppingCart\\ShoppingCart.jsx": {"path":"C:\\Users\\ugur\\Desktop\\crapShop\\CrapShop-\\src\\components\\shoppingCart\\ShoppingCart.jsx","statementMap":{"0":{"start":{"line":6,"column":27},"end":{"line":6,"column":58}},"1":{"start":{"line":8,"column":2},"end":{"line":39,"column":4}},"2":{"start":{"line":18,"column":16},"end":{"line":28,"column":21}}},"fnMap":{"0":{"name":"ShoppingCart","decl":{"start":{"line":5,"column":9},"end":{"line":5,"column":21}},"loc":{"start":{"line":5,"column":24},"end":{"line":40,"column":1}},"line":5},"1":{"name":"(anonymous_1)","decl":{"start":{"line":17,"column":25},"end":{"line":17,"column":26}},"loc":{"start":{"line":18,"column":16},"end":{"line":28,"column":21}},"line":18}},"branchMap":{"0":{"loc":{"start":{"line":13,"column":11},"end":{"line":31,"column":11}},"type":"cond-expr","locations":[{"start":{"line":14,"column":12},"end":{"line":14,"column":62}},{"start":{"line":16,"column":12},"end":{"line":30,"column":17}}],"line":13},"1":{"loc":{"start":{"line":34,"column":13},"end":{"line":34,"column":68}},"type":"cond-expr","locations":[{"start":{"line":34,"column":34},"end":{"line":34,"column":58}},{"start":{"line":34,"column":61},"end":{"line":34,"column":68}}],"line":34}},"s":{"0":6,"1":6,"2":6},"f":{"0":6,"1":6},"b":{"0":[3,3],"1":[6,0]},"_coverageSchema":"1a1c01bbd47fc00a2c39e90264f33305004495a9","hash":"074e477379770c1be60bd0bb46e51dca142c9e49"}
,"C:\\Users\\ugur\\Desktop\\crapShop\\CrapShop-\\src\\context\\FavoriteContext.jsx": {"path":"C:\\Users\\ugur\\Desktop\\crapShop\\CrapShop-\\src\\context\\FavoriteContext.jsx","statementMap":{"0":{"start":{"line":4,"column":31},"end":{"line":4,"column":48}},"1":{"start":{"line":6,"column":32},"end":{"line":67,"column":1}},"2":{"start":{"line":7,"column":19},"end":{"line":7,"column":42}},"3":{"start":{"line":9,"column":28},"end":{"line":9,"column":40}},"4":{"start":{"line":11,"column":24},"end":{"line":12,"column":62}},"5":{"start":{"line":12,"column":4},"end":{"line":12,"column":62}},"6":{"start":{"line":14,"column":2},"end":{"line":23,"column":17}},"7":{"start":{"line":15,"column":16},"end":{"line":15,"column":31}},"8":{"start":{"line":16,"column":19},"end":{"line":16,"column":44}},"9":{"start":{"line":18,"column":4},"end":{"line":22,"column":5}},"10":{"start":{"line":19,"column":6},"end":{"line":19,"column":35}},"11":{"start":{"line":21,"column":6},"end":{"line":21,"column":19}},"12":{"start":{"line":25,"column":2},"end":{"line":28,"column":24}},"13":{"start":{"line":26,"column":16},"end":{"line":26,"column":31}},"14":{"start":{"line":27,"column":4},"end":{"line":27,"column":53}},"15":{"start":{"line":30,"column":22},"end":{"line":34,"column":3}},"16":{"start":{"line":31,"column":4},"end":{"line":33,"column":5}},"17":{"start":{"line":31,"column":27},"end":{"line":31,"column":43}},"18":{"start":{"line":32,"column":6},"end":{"line":32,"column":42}},"19":{"start":{"line":32,"column":25},"end":{"line":32,"column":40}},"20":{"start":{"line":36,"column":25},"end":{"line":38,"column":3}},"21":{"start":{"line":37,"column":4},"end":{"line":37,"column":62}},"22":{"start":{"line":37,"column":23},"end":{"line":37,"column":60}},"23":{"start":{"line":37,"column":45},"end":{"line":37,"column":59}},"24":{"start":{"line":40,"column":25},"end":{"line":46,"column":3}},"25":{"start":{"line":41,"column":4},"end":{"line":45,"column":5}},"26":{"start":{"line":41,"column":26},"end":{"line":41,"column":42}},"27":{"start":{"line":42,"column":6},"end":{"line":42,"column":30}},"28":{"start":{"line":44,"column":6},"end":{"line":44,"column":24}},"29":{"start":{"line":48,"column":25},"end":{"line":50,"column":3}},"30":{"start":{"line":49,"column":4},"end":{"line":49,"column":17}},"31":{"start":{"line":52,"column":2},"end":{"line":66,"column":4}}},"fnMap":{"0":{"name":"(anonymous_0)","decl":{"start":{"line":6,"column":32},"end":{"line":6,"column":33}},"loc":{"start":{"line":6,"column":50},"end":{"line":67,"column":1}},"line":6},"1":{"name":"(anonymous_1)","decl":{"start":{"line":11,"column":24},"end":{"line":11,"column":25}},"loc":{"start":{"line":12,"column":4},"end":{"line":12,"column":62}},"line":12},"2":{"name":"(anonymous_2)","decl":{"start":{"line":14,"column":12},"end":{"line":14,"column":13}},"loc":{"start":{"line":14,"column":18},"end":{"line":23,"column":3}},"line":14},"3":{"name":"(anonymous_3)","decl":{"start":{"line":25,"column":12},"end":{"line":25,"column":13}},"loc":{"start":{"line":25,"column":18},"end":{"line":28,"column":3}},"line":25},"4":{"name":"(anonymous_4)","decl":{"start":{"line":30,"column":22},"end":{"line":30,"column":23}},"loc":{"start":{"line":30,"column":32},"end":{"line":34,"column":3}},"line":30},"5":{"name":"(anonymous_5)","decl":{"start":{"line":31,"column":20},"end":{"line":31,"column":21}},"loc":{"start":{"line":31,"column":27},"end":{"line":31,"column":43}},"line":31},"6":{"name":"(anonymous_6)","decl":{"start":{"line":32,"column":15},"end":{"line":32,"column":16}},"loc":{"start":{"line":32,"column":25},"end":{"line":32,"column":40}},"line":32},"7":{"name":"(anonymous_7)","decl":{"start":{"line":36,"column":25},"end":{"line":36,"column":26}},"loc":{"start":{"line":36,"column":33},"end":{"line":38,"column":3}},"line":36},"8":{"name":"(anonymous_8)","decl":{"start":{"line":37,"column":13},"end":{"line":37,"column":14}},"loc":{"start":{"line":37,"column":23},"end":{"line":37,"column":60}},"line":37},"9":{"name":"(anonymous_9)","decl":{"start":{"line":37,"column":35},"end":{"line":37,"column":36}},"loc":{"start":{"line":37,"column":45},"end":{"line":37,"column":59}},"line":37},"10":{"name":"(anonymous_10)","decl":{"start":{"line":40,"column":25},"end":{"line":40,"column":26}},"loc":{"start":{"line":40,"column":35},"end":{"line":46,"column":3}},"line":40},"11":{"name":"(anonymous_11)","decl":{"start":{"line":41,"column":19},"end":{"line":41,"column":20}},"loc":{"start":{"line":41,"column":26},"end":{"line":41,"column":42}},"line":41},"12":{"name":"(anonymous_12)","decl":{"start":{"line":48,"column":25},"end":{"line":48,"column":26}},"loc":{"start":{"line":48,"column":31},"end":{"line":50,"column":3}},"line":48}},"branchMap":{"0":{"loc":{"start":{"line":12,"column":4},"end":{"line":12,"column":62}},"type":"cond-expr","locations":[{"start":{"line":12,"column":15},"end":{"line":12,"column":42}},{"start":{"line":12,"column":45},"end":{"line":12,"column":62}}],"line":12},"1":{"loc":{"start":{"line":18,"column":4},"end":{"line":22,"column":5}},"type":"if","locations":[{"start":{"line":18,"column":4},"end":{"line":22,"column":5}},{"start":{"line":20,"column":11},"end":{"line":22,"column":5}}],"line":18},"2":{"loc":{"start":{"line":31,"column":4},"end":{"line":33,"column":5}},"type":"if","locations":[{"start":{"line":31,"column":4},"end":{"line":33,"column":5}},{"start":{},"end":{}}],"line":31},"3":{"loc":{"start":{"line":41,"column":4},"end":{"line":45,"column":5}},"type":"if","locations":[{"start":{"line":41,"column":4},"end":{"line":45,"column":5}},{"start":{"line":43,"column":11},"end":{"line":45,"column":5}}],"line":41}},"s":{"0":1,"1":1,"2":0,"3":0,"4":0,"5":0,"6":0,"7":0,"8":0,"9":0,"10":0,"11":0,"12":0,"13":0,"14":0,"15":0,"16":0,"17":0,"18":0,"19":0,"20":0,"21":0,"22":0,"23":0,"24":0,"25":0,"26":0,"27":0,"28":0,"29":0,"30":0,"31":0},"f":{"0":0,"1":0,"2":0,"3":0,"4":0,"5":0,"6":0,"7":0,"8":0,"9":0,"10":0,"11":0,"12":0},"b":{"0":[0,0],"1":[0,0],"2":[0,0],"3":[0,0]},"_coverageSchema":"1a1c01bbd47fc00a2c39e90264f33305004495a9","hash":"ab92aa6c97d9329e45843c8650a63de91b8a78a6"}
,"C:\\Users\\ugur\\Desktop\\crapShop\\CrapShop-\\src\\context\\ShoppingCartContext.jsx": {"path":"C:\\Users\\ugur\\Desktop\\crapShop\\CrapShop-\\src\\context\\ShoppingCartContext.jsx","statementMap":{"0":{"start":{"line":10,"column":35},"end":{"line":10,"column":52}},"1":{"start":{"line":12,"column":29},"end":{"line":124,"column":1}},"2":{"start":{"line":13,"column":32},"end":{"line":13,"column":55}},"3":{"start":{"line":15,"column":17},"end":{"line":15,"column":25}},"4":{"start":{"line":17,"column":36},"end":{"line":17,"column":48}},"5":{"start":{"line":19,"column":22},"end":{"line":27,"column":3}},"6":{"start":{"line":20,"column":4},"end":{"line":26,"column":5}},"7":{"start":{"line":21,"column":23},"end":{"line":21,"column":38}},"8":{"start":{"line":23,"column":6},"end":{"line":23,"column":34}},"9":{"start":{"line":25,"column":6},"end":{"line":25,"column":60}},"10":{"start":{"line":29,"column":2},"end":{"line":38,"column":28}},"11":{"start":{"line":30,"column":4},"end":{"line":33,"column":5}},"12":{"start":{"line":31,"column":6},"end":{"line":31,"column":23}},"13":{"start":{"line":32,"column":6},"end":{"line":32,"column":13}},"14":{"start":{"line":35,"column":4},"end":{"line":37,"column":5}},"15":{"start":{"line":36,"column":6},"end":{"line":36,"column":20}},"16":{"start":{"line":40,"column":15},"end":{"line":50,"column":3}},"17":{"start":{"line":41,"column":26},"end":{"line":41,"column":57}},"18":{"start":{"line":43,"column":4},"end":{"line":49,"column":5}},"19":{"start":{"line":44,"column":6},"end":{"line":44,"column":49}},"20":{"start":{"line":46,"column":6},"end":{"line":46,"column":26}},"21":{"start":{"line":48,"column":6},"end":{"line":48,"column":50}},"22":{"start":{"line":52,"column":27},"end":{"line":64,"column":3}},"23":{"start":{"line":53,"column":17},"end":{"line":53,"column":57}},"24":{"start":{"line":53,"column":42},"end":{"line":53,"column":56}},"25":{"start":{"line":55,"column":4},"end":{"line":55,"column":22}},"26":{"start":{"line":55,"column":15},"end":{"line":55,"column":22}},"27":{"start":{"line":57,"column":4},"end":{"line":63,"column":5}},"28":{"start":{"line":58,"column":6},"end":{"line":58,"column":46}},"29":{"start":{"line":60,"column":6},"end":{"line":60,"column":26}},"30":{"start":{"line":62,"column":6},"end":{"line":62,"column":49}},"31":{"start":{"line":66,"column":27},"end":{"line":82,"column":3}},"32":{"start":{"line":67,"column":17},"end":{"line":67,"column":57}},"33":{"start":{"line":67,"column":42},"end":{"line":67,"column":56}},"34":{"start":{"line":69,"column":4},"end":{"line":69,"column":22}},"35":{"start":{"line":69,"column":15},"end":{"line":69,"column":22}},"36":{"start":{"line":71,"column":4},"end":{"line":81,"column":5}},"37":{"start":{"line":72,"column":6},"end":{"line":76,"column":7}},"38":{"start":{"line":73,"column":8},"end":{"line":73,"column":33}},"39":{"start":{"line":75,"column":8},"end":{"line":75,"column":48}},"40":{"start":{"line":78,"column":6},"end":{"line":78,"column":26}},"41":{"start":{"line":80,"column":6},"end":{"line":80,"column":49}},"42":{"start":{"line":84,"column":21},"end":{"line":92,"column":3}},"43":{"start":{"line":85,"column":4},"end":{"line":91,"column":5}},"44":{"start":{"line":86,"column":6},"end":{"line":86,"column":31}},"45":{"start":{"line":88,"column":6},"end":{"line":88,"column":26}},"46":{"start":{"line":90,"column":6},"end":{"line":90,"column":52}},"47":{"start":{"line":94,"column":16},"end":{"line":96,"column":3}},"48":{"start":{"line":95,"column":4},"end":{"line":95,"column":21}},"49":{"start":{"line":98,"column":21},"end":{"line":102,"column":5}},"50":{"start":{"line":99,"column":4},"end":{"line":102,"column":5}},"51":{"start":{"line":100,"column":23},"end":{"line":100,"column":57}},"52":{"start":{"line":104,"column":21},"end":{"line":105,"column":59}},"53":{"start":{"line":105,"column":4},"end":{"line":105,"column":59}},"54":{"start":{"line":105,"column":36},"end":{"line":105,"column":55}},"55":{"start":{"line":107,"column":2},"end":{"line":123,"column":4}}},"fnMap":{"0":{"name":"(anonymous_0)","decl":{"start":{"line":12,"column":29},"end":{"line":12,"column":30}},"loc":{"start":{"line":12,"column":47},"end":{"line":124,"column":1}},"line":12},"1":{"name":"(anonymous_1)","decl":{"start":{"line":19,"column":22},"end":{"line":19,"column":23}},"loc":{"start":{"line":19,"column":34},"end":{"line":27,"column":3}},"line":19},"2":{"name":"(anonymous_2)","decl":{"start":{"line":29,"column":12},"end":{"line":29,"column":13}},"loc":{"start":{"line":29,"column":18},"end":{"line":38,"column":3}},"line":29},"3":{"name":"(anonymous_3)","decl":{"start":{"line":40,"column":15},"end":{"line":40,"column":16}},"loc":{"start":{"line":40,"column":34},"end":{"line":50,"column":3}},"line":40},"4":{"name":"(anonymous_4)","decl":{"start":{"line":52,"column":27},"end":{"line":52,"column":28}},"loc":{"start":{"line":52,"column":41},"end":{"line":64,"column":3}},"line":52},"5":{"name":"(anonymous_5)","decl":{"start":{"line":53,"column":32},"end":{"line":53,"column":33}},"loc":{"start":{"line":53,"column":42},"end":{"line":53,"column":56}},"line":53},"6":{"name":"(anonymous_6)","decl":{"start":{"line":66,"column":27},"end":{"line":66,"column":28}},"loc":{"start":{"line":66,"column":41},"end":{"line":82,"column":3}},"line":66},"7":{"name":"(anonymous_7)","decl":{"start":{"line":67,"column":32},"end":{"line":67,"column":33}},"loc":{"start":{"line":67,"column":42},"end":{"line":67,"column":56}},"line":67},"8":{"name":"(anonymous_8)","decl":{"start":{"line":84,"column":21},"end":{"line":84,"column":22}},"loc":{"start":{"line":84,"column":35},"end":{"line":92,"column":3}},"line":84},"9":{"name":"(anonymous_9)","decl":{"start":{"line":94,"column":16},"end":{"line":94,"column":17}},"loc":{"start":{"line":94,"column":22},"end":{"line":96,"column":3}},"line":94},"10":{"name":"(anonymous_10)","decl":{"start":{"line":98,"column":21},"end":{"line":98,"column":22}},"loc":{"start":{"line":99,"column":4},"end":{"line":102,"column":5}},"line":99},"11":{"name":"(anonymous_11)","decl":{"start":{"line":100,"column":6},"end":{"line":100,"column":7}},"loc":{"start":{"line":100,"column":23},"end":{"line":100,"column":57}},"line":100},"12":{"name":"(anonymous_12)","decl":{"start":{"line":104,"column":21},"end":{"line":104,"column":22}},"loc":{"start":{"line":105,"column":4},"end":{"line":105,"column":59}},"line":105},"13":{"name":"(anonymous_13)","decl":{"start":{"line":105,"column":21},"end":{"line":105,"column":22}},"loc":{"start":{"line":105,"column":36},"end":{"line":105,"column":55}},"line":105}},"branchMap":{"0":{"loc":{"start":{"line":30,"column":4},"end":{"line":33,"column":5}},"type":"if","locations":[{"start":{"line":30,"column":4},"end":{"line":33,"column":5}},{"start":{},"end":{}}],"line":30},"1":{"loc":{"start":{"line":35,"column":4},"end":{"line":37,"column":5}},"type":"if","locations":[{"start":{"line":35,"column":4},"end":{"line":37,"column":5}},{"start":{},"end":{}}],"line":35},"2":{"loc":{"start":{"line":41,"column":26},"end":{"line":41,"column":57}},"type":"binary-expr","locations":[{"start":{"line":41,"column":26},"end":{"line":41,"column":52}},{"start":{"line":41,"column":56},"end":{"line":41,"column":57}}],"line":41},"3":{"loc":{"start":{"line":55,"column":4},"end":{"line":55,"column":22}},"type":"if","locations":[{"start":{"line":55,"column":4},"end":{"line":55,"column":22}},{"start":{},"end":{}}],"line":55},"4":{"loc":{"start":{"line":69,"column":4},"end":{"line":69,"column":22}},"type":"if","locations":[{"start":{"line":69,"column":4},"end":{"line":69,"column":22}},{"start":{},"end":{}}],"line":69},"5":{"loc":{"start":{"line":72,"column":6},"end":{"line":76,"column":7}},"type":"if","locations":[{"start":{"line":72,"column":6},"end":{"line":76,"column":7}},{"start":{"line":74,"column":13},"end":{"line":76,"column":7}}],"line":72}},"s":{"0":1,"1":1,"2":0,"3":0,"4":0,"5":0,"6":0,"7":0,"8":0,"9":0,"10":0,"11":0,"12":0,"13":0,"14":0,"15":0,"16":0,"17":0,"18":0,"19":0,"20":0,"21":0,"22":0,"23":0,"24":0,"25":0,"26":0,"27":0,"28":0,"29":0,"30":0,"31":0,"32":0,"33":0,"34":0,"35":0,"36":0,"37":0,"38":0,"39":0,"40":0,"41":0,"42":0,"43":0,"44":0,"45":0,"46":0,"47":0,"48":0,"49":0,"50":0,"51":0,"52":0,"53":0,"54":0,"55":0},"f":{"0":0,"1":0,"2":0,"3":0,"4":0,"5":0,"6":0,"7":0,"8":0,"9":0,"10":0,"11":0,"12":0,"13":0},"b":{"0":[0,0],"1":[0,0],"2":[0,0],"3":[0,0],"4":[0,0],"5":[0,0]},"_coverageSchema":"1a1c01bbd47fc00a2c39e90264f33305004495a9","hash":"5d9f4b865e66fdede5be29bd81418e57908e2ac2"}
,"C:\\Users\\ugur\\Desktop\\crapShop\\CrapShop-\\src\\context\\AuthContext\\AuthContext.jsx": {"path":"C:\\Users\\ugur\\Desktop\\crapShop\\CrapShop-\\src\\context\\AuthContext\\AuthContext.jsx","statementMap":{"0":{"start":{"line":5,"column":27},"end":{"line":5,"column":44}},"1":{"start":{"line":8,"column":36},"end":{"line":13,"column":4}},"2":{"start":{"line":15,"column":2},"end":{"line":44,"column":9}},"3":{"start":{"line":16,"column":18},"end":{"line":16,"column":47}},"4":{"start":{"line":18,"column":4},"end":{"line":25,"column":5}},"5":{"start":{"line":19,"column":6},"end":{"line":22,"column":9}},"6":{"start":{"line":24,"column":6},"end":{"line":24,"column":13}},"7":{"start":{"line":27,"column":4},"end":{"line":43,"column":5}},"8":{"start":{"line":28,"column":19},"end":{"line":28,"column":42}},"9":{"start":{"line":30,"column":6},"end":{"line":35,"column":9}},"10":{"start":{"line":37,"column":6},"end":{"line":37,"column":39}},"11":{"start":{"line":39,"column":6},"end":{"line":42,"column":9}},"12":{"start":{"line":47,"column":2},"end":{"line":47,"column":50}},"13":{"start":{"line":48,"column":2},"end":{"line":48,"column":41}},"14":{"start":{"line":50,"column":2},"end":{"line":50,"column":39}},"15":{"start":{"line":52,"column":2},"end":{"line":52,"column":66}},"16":{"start":{"line":53,"column":2},"end":{"line":53,"column":50}},"17":{"start":{"line":55,"column":15},"end":{"line":55,"column":38}},"18":{"start":{"line":57,"column":2},"end":{"line":62,"column":5}},"19":{"start":{"line":66,"column":4},"end":{"line":66,"column":37}},"20":{"start":{"line":68,"column":4},"end":{"line":71,"column":7}},"21":{"start":{"line":74,"column":22},"end":{"line":81,"column":3}},"22":{"start":{"line":82,"column":2},"end":{"line":86,"column":4}}},"fnMap":{"0":{"name":"AuthContextProvider","decl":{"start":{"line":7,"column":9},"end":{"line":7,"column":28}},"loc":{"start":{"line":7,"column":43},"end":{"line":87,"column":1}},"line":7},"1":{"name":"(anonymous_1)","decl":{"start":{"line":15,"column":12},"end":{"line":15,"column":13}},"loc":{"start":{"line":15,"column":18},"end":{"line":44,"column":3}},"line":15},"2":{"name":"logIn","decl":{"start":{"line":46,"column":11},"end":{"line":46,"column":16}},"loc":{"start":{"line":46,"column":24},"end":{"line":63,"column":1}},"line":46},"3":{"name":"logOut","decl":{"start":{"line":65,"column":11},"end":{"line":65,"column":17}},"loc":{"start":{"line":65,"column":20},"end":{"line":72,"column":3}},"line":65}},"branchMap":{"0":{"loc":{"start":{"line":18,"column":4},"end":{"line":25,"column":5}},"type":"if","locations":[{"start":{"line":18,"column":4},"end":{"line":25,"column":5}},{"start":{},"end":{}}],"line":18},"1":{"loc":{"start":{"line":84,"column":7},"end":{"line":84,"column":68}},"type":"cond-expr","locations":[{"start":{"line":84,"column":40},"end":{"line":84,"column":57}},{"start":{"line":84,"column":60},"end":{"line":84,"column":68}}],"line":84}},"s":{"0":2,"1":0,"2":0,"3":0,"4":0,"5":0,"6":0,"7":0,"8":0,"9":0,"10":0,"11":0,"12":0,"13":0,"14":0,"15":0,"16":0,"17":0,"18":0,"19":0,"20":0,"21":0,"22":0},"f":{"0":0,"1":0,"2":0,"3":0},"b":{"0":[0,0],"1":[0,0]},"_coverageSchema":"1a1c01bbd47fc00a2c39e90264f33305004495a9","hash":"b5837189ad771d00b465f9362ebe59e5cc57a0c0"}
,"C:\\Users\\ugur\\Desktop\\crapShop\\CrapShop-\\src\\context\\AuthContext\\authHelper.js": {"path":"C:\\Users\\ugur\\Desktop\\crapShop\\CrapShop-\\src\\context\\AuthContext\\authHelper.js","statementMap":{"0":{"start":{"line":4,"column":18},"end":{"line":4,"column":34}},"1":{"start":{"line":6,"column":2},"end":{"line":8,"column":4}}},"fnMap":{"0":{"name":"getUserFromToken","decl":{"start":{"line":3,"column":16},"end":{"line":3,"column":32}},"loc":{"start":{"line":3,"column":40},"end":{"line":9,"column":1}},"line":3}},"branchMap":{},"s":{"0":0,"1":0},"f":{"0":0},"b":{},"_coverageSchema":"1a1c01bbd47fc00a2c39e90264f33305004495a9","hash":"cf2f84439855519f460274a26bc3f68b6df302dd"}
,"C:\\Users\\ugur\\Desktop\\crapShop\\CrapShop-\\src\\context\\AuthContext\\initialState.js": {"path":"C:\\Users\\ugur\\Desktop\\crapShop\\CrapShop-\\src\\context\\AuthContext\\initialState.js","statementMap":{"0":{"start":{"line":1,"column":21},"end":{"line":5,"column":1}}},"fnMap":{},"branchMap":{},"s":{"0":2},"f":{},"b":{},"_coverageSchema":"1a1c01bbd47fc00a2c39e90264f33305004495a9","hash":"c492dd44a72255da0d26aef88a0dffdedc88350a"}
,"C:\\Users\\ugur\\Desktop\\crapShop\\CrapShop-\\src\\helpers\\filteredProducts.jsx": {"path":"C:\\Users\\ugur\\Desktop\\crapShop\\CrapShop-\\src\\helpers\\filteredProducts.jsx","statementMap":{"0":{"start":{"line":2,"column":2},"end":{"line":2,"column":42}},"1":{"start":{"line":2,"column":32},"end":{"line":2,"column":42}},"2":{"start":{"line":4,"column":2},"end":{"line":13,"column":5}},"3":{"start":{"line":6,"column":6},"end":{"line":6,"column":64}},"4":{"start":{"line":9,"column":6},"end":{"line":10,"column":35}},"5":{"start":{"line":12,"column":4},"end":{"line":12,"column":43}}},"fnMap":{"0":{"name":"filterProducts","decl":{"start":{"line":1,"column":24},"end":{"line":1,"column":38}},"loc":{"start":{"line":1,"column":97},"end":{"line":14,"column":1}},"line":1},"1":{"name":"(anonymous_1)","decl":{"start":{"line":4,"column":25},"end":{"line":4,"column":26}},"loc":{"start":{"line":4,"column":38},"end":{"line":13,"column":3}},"line":4}},"branchMap":{"0":{"loc":{"start":{"line":1,"column":39},"end":{"line":1,"column":52}},"type":"default-arg","locations":[{"start":{"line":1,"column":50},"end":{"line":1,"column":52}}],"line":1},"1":{"loc":{"start":{"line":1,"column":54},"end":{"line":1,"column":64}},"type":"default-arg","locations":[{"start":{"line":1,"column":62},"end":{"line":1,"column":64}}],"line":1},"2":{"loc":{"start":{"line":1,"column":66},"end":{"line":1,"column":95}},"type":"default-arg","locations":[{"start":{"line":1,"column":77},"end":{"line":1,"column":95}}],"line":1},"3":{"loc":{"start":{"line":2,"column":2},"end":{"line":2,"column":42}},"type":"if","locations":[{"start":{"line":2,"column":2},"end":{"line":2,"column":42}},{"start":{},"end":{}}],"line":2},"4":{"loc":{"start":{"line":9,"column":6},"end":{"line":10,"column":35}},"type":"binary-expr","locations":[{"start":{"line":9,"column":6},"end":{"line":9,"column":37}},{"start":{"line":10,"column":6},"end":{"line":10,"column":35}}],"line":9},"5":{"loc":{"start":{"line":12,"column":11},"end":{"line":12,"column":42}},"type":"binary-expr","locations":[{"start":{"line":12,"column":11},"end":{"line":12,"column":23}},{"start":{"line":12,"column":27},"end":{"line":12,"column":42}}],"line":12}},"s":{"0":7,"1":1,"2":6,"3":24,"4":24,"5":24},"f":{"0":7,"1":24},"b":{"0":[0],"1":[0],"2":[4],"3":[1,6],"4":[24,8],"5":[24,11]},"_coverageSchema":"1a1c01bbd47fc00a2c39e90264f33305004495a9","hash":"986a73e3ff5ad095b651b3855fea2d1f0030ba2d"}
,"C:\\Users\\ugur\\Desktop\\crapShop\\CrapShop-\\src\\hooks\\useProducts.js": {"path":"C:\\Users\\ugur\\Desktop\\crapShop\\CrapShop-\\src\\hooks\\useProducts.js","statementMap":{"0":{"start":{"line":5,"column":34},"end":{"line":5,"column":46}},"1":{"start":{"line":7,"column":38},"end":{"line":7,"column":68}},"2":{"start":{"line":9,"column":32},"end":{"line":9,"column":46}},"3":{"start":{"line":11,"column":28},"end":{"line":11,"column":40}},"4":{"start":{"line":13,"column":2},"end":{"line":39,"column":9}},"5":{"start":{"line":14,"column":23},"end":{"line":14,"column":44}},"6":{"start":{"line":17,"column":6},"end":{"line":33,"column":7}},"7":{"start":{"line":18,"column":8},"end":{"line":18,"column":25}},"8":{"start":{"line":20,"column":25},"end":{"line":20,"column":61}},"9":{"start":{"line":22,"column":27},"end":{"line":22,"column":65}},"10":{"start":{"line":24,"column":8},"end":{"line":24,"column":30}},"11":{"start":{"line":26,"column":8},"end":{"line":26,"column":59}},"12":{"start":{"line":28,"column":8},"end":{"line":30,"column":9}},"13":{"start":{"line":29,"column":10},"end":{"line":29,"column":48}},"14":{"start":{"line":32,"column":8},"end":{"line":32,"column":26}},"15":{"start":{"line":36,"column":4},"end":{"line":36,"column":16}},"16":{"start":{"line":38,"column":4},"end":{"line":38,"column":36}},"17":{"start":{"line":38,"column":17},"end":{"line":38,"column":35}},"18":{"start":{"line":41,"column":2},"end":{"line":49,"column":4}}},"fnMap":{"0":{"name":"useProducts","decl":{"start":{"line":4,"column":24},"end":{"line":4,"column":35}},"loc":{"start":{"line":4,"column":38},"end":{"line":50,"column":1}},"line":4},"1":{"name":"(anonymous_1)","decl":{"start":{"line":13,"column":12},"end":{"line":13,"column":13}},"loc":{"start":{"line":13,"column":18},"end":{"line":39,"column":3}},"line":13},"2":{"name":"fetchData","decl":{"start":{"line":16,"column":19},"end":{"line":16,"column":28}},"loc":{"start":{"line":16,"column":31},"end":{"line":34,"column":5}},"line":16},"3":{"name":"(anonymous_3)","decl":{"start":{"line":38,"column":11},"end":{"line":38,"column":12}},"loc":{"start":{"line":38,"column":17},"end":{"line":38,"column":35}},"line":38}},"branchMap":{"0":{"loc":{"start":{"line":28,"column":8},"end":{"line":30,"column":9}},"type":"if","locations":[{"start":{"line":28,"column":8},"end":{"line":30,"column":9}},{"start":{},"end":{}}],"line":28},"1":{"loc":{"start":{"line":28,"column":12},"end":{"line":28,"column":75}},"type":"binary-expr","locations":[{"start":{"line":28,"column":12},"end":{"line":28,"column":42}},{"start":{"line":28,"column":46},"end":{"line":28,"column":75}}],"line":28}},"s":{"0":9,"1":9,"2":9,"3":9,"4":9,"5":5,"6":5,"7":5,"8":5,"9":2,"10":2,"11":2,"12":2,"13":2,"14":4,"15":5,"16":5,"17":5,"18":9},"f":{"0":9,"1":5,"2":5,"3":5},"b":{"0":[2,0],"1":[2,2]},"_coverageSchema":"1a1c01bbd47fc00a2c39e90264f33305004495a9","hash":"4a662609ee3ca16052238d58db4aa6318029fa3b"}
}
